Fitting StepMix...
Initializations (n_init) : 100%|██████████| 1/1 [00:00<00:00, 125.37it/s, max_LL=-113, max_avg_LL=-10.3]
LCA Results (All Data):
Number of classes: 3
Class probabilities: 
[[1.02566671e-061 2.19375458e-078 1.00000000e+000]
 [1.00000000e+000 7.69988574e-031 3.88434170e-119]
 [1.43956549e-046 1.00000000e+000 5.60071375e-105]
 [1.70944452e-047 5.92313736e-062 1.00000000e+000]
 [1.00000000e+000 3.84686570e-061 5.84050592e-044]
 [9.60478017e-032 1.00000000e+000 5.60519386e-090]
 [1.36755561e-031 1.97437912e-062 1.00000000e+000]
 [1.00000000e+000 1.44372858e-046 2.18843915e-074]
 [8.54722259e-048 6.58126373e-078 1.00000000e+000]
 [7.77365366e-045 1.00000000e+000 1.51098405e-133]
 [1.72747859e-075 1.00000000e+000 1.68290326e-089]]
Fitting StepMix...
Initializations (n_init) : 100%|██████████| 1/1 [00:00<00:00, 45.58it/s, max_LL=-30.4, max_avg_LL=-2.76]LCA Results (Structure):

Number of classes: 3
Class probabilities: 
[[2.77777778e-16 1.00000000e+00 3.46667390e-60]
 [3.74700271e-45 1.00000000e+00 7.79378189e-60]
 [1.00000000e+00 4.06719658e-27 7.80001627e-46]
 [1.00000000e+00 1.08458575e-26 5.20001085e-31]
 [1.00000000e+00 2.44031795e-26 3.12250226e-30]
 [1.00000000e+00 4.33834302e-11 2.07834184e-45]
 [1.04166667e-16 1.00000000e+00 8.66668475e-46]
 [1.04166667e-16 1.00000000e+00 8.66668475e-46]
 [4.80000000e-16 2.08240465e-26 1.00000000e+00]
 [9.37500000e-31 1.00000000e+00 1.95000407e-45]
 [1.00000000e+00 1.08458575e-26 5.20001085e-31]]
Fitting StepMix...
Initializations (n_init) : 100%|██████████| 1/1 [00:00<00:00, 58.97it/s, max_LL=-39.7, max_avg_LL=-3.61]LCA Results (Processes):
Number of classes: 3

Class probabilities: 
[[2.96059473e-46 1.00000000e+00 1.05345197e-29]
 [7.01770603e-31 7.09974815e-60 1.00000000e+00]
 [2.10531181e-30 2.12822204e-59 1.00000000e+00]
 [1.97372982e-31 1.00000000e+00 3.51150657e-15]
 [2.10362908e-45 2.13162821e-29 1.00000000e+00]
 [1.00000000e+00 2.52720527e-45 8.88850100e-15]
 [1.97372982e-31 1.00000000e+00 3.51150657e-15]
 [1.00000000e+00 5.05441055e-60 5.33310060e-14]
 [1.97372982e-46 1.00000000e+00 3.51150657e-15]
 [2.10531181e-30 2.12822204e-74 1.00000000e+00]
 [1.00000000e+00 6.73921406e-45 2.13324024e-28]]
Fitting StepMix...
Initializations (n_init) : 100%|██████████| 1/1 [00:00<00:00, 71.68it/s, max_LL=-16.5, max_avg_LL=-1.5]LCA Results (Connections):

Number of classes: 3
Class probabilities: 
[[3.32800694e-46 9.99200722e-46 1.00000000e+00]
 [3.32800694e-31 1.00000000e+00 9.99200722e-31]
 [3.32800694e-31 1.00000000e+00 9.99200722e-31]
 [3.32800694e-46 9.99200722e-46 1.00000000e+00]
 [3.32800694e-31 9.99200722e-31 1.00000000e+00]
 [3.32800694e-31 1.00000000e+00 9.99200722e-31]
 [3.32800694e-31 9.99200722e-31 1.00000000e+00]
 [3.32800694e-31 9.99200722e-31 1.00000000e+00]
 [3.32800694e-46 9.99200722e-46 1.00000000e+00]
 [9.97604083e-46 1.00000000e+00 2.99520625e-45]
 [1.00000000e+00 3.00000000e-30 3.00000000e-30]]

 

